0 info it worked if it ends with ok
1 verbose cli [ '/usr/local/bin/node',
1 verbose cli   '/usr/local/bin/npm',
1 verbose cli   'install',
1 verbose cli   '-g',
1 verbose cli   'less-plugin-clean-css' ]
2 info using npm@3.8.9
3 info using node@v6.2.0
4 silly loadCurrentTree Starting
5 silly install loadCurrentTree
6 silly install readGlobalPackageData
7 silly fetchPackageMetaData less-plugin-clean-css
8 silly fetchNamedPackageData less-plugin-clean-css
9 silly mapToRegistry name less-plugin-clean-css
10 silly mapToRegistry using default registry
11 silly mapToRegistry registry https://registry.npmjs.org/
12 silly mapToRegistry data Result {
12 silly mapToRegistry   raw: 'less-plugin-clean-css',
12 silly mapToRegistry   scope: null,
12 silly mapToRegistry   name: 'less-plugin-clean-css',
12 silly mapToRegistry   rawSpec: '',
12 silly mapToRegistry   spec: 'latest',
12 silly mapToRegistry   type: 'tag' }
13 silly mapToRegistry uri https://registry.npmjs.org/less-plugin-clean-css
14 verbose request uri https://registry.npmjs.org/less-plugin-clean-css
15 verbose request no auth needed
16 info attempt registry request try #1 at 11:46:48
17 verbose request id 0bd7afddea64b797
18 verbose etag W/"55b0d946-32b4"
19 verbose lastModified Thu, 23 Jul 2015 12:08:38 GMT
20 http request GET https://registry.npmjs.org/less-plugin-clean-css
21 http 304 https://registry.npmjs.org/less-plugin-clean-css
22 verbose headers { date: 'Wed, 30 Nov 2016 03:46:51 GMT',
22 verbose headers   via: '1.1 varnish',
22 verbose headers   'cache-control': 'max-age=300',
22 verbose headers   etag: 'W/"55b0d946-32b4"',
22 verbose headers   age: '250',
22 verbose headers   connection: 'keep-alive',
22 verbose headers   'x-served-by': 'cache-lcy1145-LCY',
22 verbose headers   'x-cache': 'HIT',
22 verbose headers   'x-cache-hits': '1',
22 verbose headers   'x-timer': 'S1480477611.912488,VS0,VE0',
22 verbose headers   vary: 'Accept-Encoding' }
23 silly get cb [ 304,
23 silly get   { date: 'Wed, 30 Nov 2016 03:46:51 GMT',
23 silly get     via: '1.1 varnish',
23 silly get     'cache-control': 'max-age=300',
23 silly get     etag: 'W/"55b0d946-32b4"',
23 silly get     age: '250',
23 silly get     connection: 'keep-alive',
23 silly get     'x-served-by': 'cache-lcy1145-LCY',
23 silly get     'x-cache': 'HIT',
23 silly get     'x-cache-hits': '1',
23 silly get     'x-timer': 'S1480477611.912488,VS0,VE0',
23 silly get     vary: 'Accept-Encoding' } ]
24 verbose etag https://registry.npmjs.org/less-plugin-clean-css from cache
25 verbose get saving less-plugin-clean-css to /Users/apple/.npm/registry.npmjs.org/less-plugin-clean-css/.cache.json
26 verbose correctMkdir /Users/apple/.npm correctMkdir not in flight; initializing
27 silly install normalizeTree
28 silly loadCurrentTree Finishing
29 silly loadIdealTree Starting
30 silly install loadIdealTree
31 silly cloneCurrentTree Starting
32 silly install cloneCurrentTreeToIdealTree
33 silly cloneCurrentTree Finishing
34 silly loadShrinkwrap Starting
35 silly install loadShrinkwrap
36 silly loadShrinkwrap Finishing
37 silly loadAllDepsIntoIdealTree Starting
38 silly install loadAllDepsIntoIdealTree
39 silly resolveWithNewModule less-plugin-clean-css@1.5.1 checking installable status
40 silly cache add args [ 'less-plugin-clean-css', null ]
41 verbose cache add spec less-plugin-clean-css
42 silly cache add parsed spec Result {
42 silly cache add   raw: 'less-plugin-clean-css',
42 silly cache add   scope: null,
42 silly cache add   name: 'less-plugin-clean-css',
42 silly cache add   rawSpec: '',
42 silly cache add   spec: 'latest',
42 silly cache add   type: 'tag' }
43 silly addNamed less-plugin-clean-css@latest
44 verbose addNamed "latest" is being treated as a dist-tag for less-plugin-clean-css
45 info addNameTag [ 'less-plugin-clean-css', 'latest' ]
46 silly mapToRegistry name less-plugin-clean-css
47 silly mapToRegistry using default registry
48 silly mapToRegistry registry https://registry.npmjs.org/
49 silly mapToRegistry data Result {
49 silly mapToRegistry   raw: 'less-plugin-clean-css',
49 silly mapToRegistry   scope: null,
49 silly mapToRegistry   name: 'less-plugin-clean-css',
49 silly mapToRegistry   rawSpec: '',
49 silly mapToRegistry   spec: 'latest',
49 silly mapToRegistry   type: 'tag' }
50 silly mapToRegistry uri https://registry.npmjs.org/less-plugin-clean-css
51 verbose addNameTag registry:https://registry.npmjs.org/less-plugin-clean-css not in flight; fetching
52 verbose get https://registry.npmjs.org/less-plugin-clean-css not expired, no request
53 silly addNameTag next cb for less-plugin-clean-css with tag latest
54 silly addNamed less-plugin-clean-css@1.5.1
55 verbose addNamed "1.5.1" is a plain semver version for less-plugin-clean-css
56 silly cache afterAdd less-plugin-clean-css@1.5.1
57 verbose afterAdd /Users/apple/.npm/less-plugin-clean-css/1.5.1/package/package.json not in flight; writing
58 verbose correctMkdir /Users/apple/.npm correctMkdir not in flight; initializing
59 verbose afterAdd /Users/apple/.npm/less-plugin-clean-css/1.5.1/package/package.json written
60 silly fetchNamedPackageData clean-css
61 silly mapToRegistry name clean-css
62 silly mapToRegistry using default registry
63 silly mapToRegistry registry https://registry.npmjs.org/
64 silly mapToRegistry data Result {
64 silly mapToRegistry   raw: 'clean-css',
64 silly mapToRegistry   scope: null,
64 silly mapToRegistry   name: 'clean-css',
64 silly mapToRegistry   rawSpec: '',
64 silly mapToRegistry   spec: 'latest',
64 silly mapToRegistry   type: 'tag' }
65 silly mapToRegistry uri https://registry.npmjs.org/clean-css
66 verbose request uri https://registry.npmjs.org/clean-css
67 verbose request no auth needed
68 info attempt registry request try #1 at 11:46:53
69 verbose etag W/"582da912-393c5"
70 verbose lastModified Thu, 17 Nov 2016 12:56:50 GMT
71 http request GET https://registry.npmjs.org/clean-css
72 http 304 https://registry.npmjs.org/clean-css
73 verbose headers { date: 'Wed, 30 Nov 2016 03:46:52 GMT',
73 verbose headers   via: '1.1 varnish',
73 verbose headers   'cache-control': 'max-age=300',
73 verbose headers   etag: 'W/"582da912-393c5"',
73 verbose headers   age: '223',
73 verbose headers   connection: 'keep-alive',
73 verbose headers   'x-served-by': 'cache-lcy1145-LCY',
73 verbose headers   'x-cache': 'HIT',
73 verbose headers   'x-cache-hits': '1',
73 verbose headers   'x-timer': 'S1480477612.295291,VS0,VE0',
73 verbose headers   vary: 'Accept-Encoding' }
74 silly get cb [ 304,
74 silly get   { date: 'Wed, 30 Nov 2016 03:46:52 GMT',
74 silly get     via: '1.1 varnish',
74 silly get     'cache-control': 'max-age=300',
74 silly get     etag: 'W/"582da912-393c5"',
74 silly get     age: '223',
74 silly get     connection: 'keep-alive',
74 silly get     'x-served-by': 'cache-lcy1145-LCY',
74 silly get     'x-cache': 'HIT',
74 silly get     'x-cache-hits': '1',
74 silly get     'x-timer': 'S1480477612.295291,VS0,VE0',
74 silly get     vary: 'Accept-Encoding' } ]
75 verbose etag https://registry.npmjs.org/clean-css from cache
76 verbose get saving clean-css to /Users/apple/.npm/registry.npmjs.org/clean-css/.cache.json
77 verbose correctMkdir /Users/apple/.npm correctMkdir not in flight; initializing
78 silly resolveWithNewModule clean-css@3.4.21 checking installable status
79 silly cache add args [ 'clean-css@^3.0.1', null ]
80 verbose cache add spec clean-css@^3.0.1
81 silly cache add parsed spec Result {
81 silly cache add   raw: 'clean-css@^3.0.1',
81 silly cache add   scope: null,
81 silly cache add   name: 'clean-css',
81 silly cache add   rawSpec: '^3.0.1',
81 silly cache add   spec: '>=3.0.1 <4.0.0',
81 silly cache add   type: 'range' }
82 silly addNamed clean-css@>=3.0.1 <4.0.0
83 verbose addNamed ">=3.0.1 <4.0.0" is a valid semver range for clean-css
84 silly addNameRange { name: 'clean-css', range: '>=3.0.1 <4.0.0', hasData: false }
85 silly mapToRegistry name clean-css
86 silly mapToRegistry using default registry
87 silly mapToRegistry registry https://registry.npmjs.org/
88 silly mapToRegistry data Result {
88 silly mapToRegistry   raw: 'clean-css',
88 silly mapToRegistry   scope: null,
88 silly mapToRegistry   name: 'clean-css',
88 silly mapToRegistry   rawSpec: '',
88 silly mapToRegistry   spec: 'latest',
88 silly mapToRegistry   type: 'tag' }
89 silly mapToRegistry uri https://registry.npmjs.org/clean-css
90 verbose addNameRange registry:https://registry.npmjs.org/clean-css not in flight; fetching
91 verbose get https://registry.npmjs.org/clean-css not expired, no request
92 silly addNameRange number 2 { name: 'clean-css', range: '>=3.0.1 <4.0.0', hasData: true }
93 silly addNameRange versions [ 'clean-css',
93 silly addNameRange   [ '0.1.0',
93 silly addNameRange     '0.2.0',
93 silly addNameRange     '0.2.1',
93 silly addNameRange     '0.2.2',
93 silly addNameRange     '0.2.3',
93 silly addNameRange     '0.2.4',
93 silly addNameRange     '0.2.5',
93 silly addNameRange     '0.2.6',
93 silly addNameRange     '0.3.0',
93 silly addNameRange     '0.3.1',
93 silly addNameRange     '0.3.2',
93 silly addNameRange     '0.3.3',
93 silly addNameRange     '0.4.0',
93 silly addNameRange     '0.4.1',
93 silly addNameRange     '0.4.2',
93 silly addNameRange     '0.5.0',
93 silly addNameRange     '0.6.0',
93 silly addNameRange     '0.7.0',
93 silly addNameRange     '0.8.0',
93 silly addNameRange     '0.8.1',
93 silly addNameRange     '0.8.2',
93 silly addNameRange     '0.8.3',
93 silly addNameRange     '0.9.0',
93 silly addNameRange     '0.9.1',
93 silly addNameRange     '0.10.0',
93 silly addNameRange     '0.10.1',
93 silly addNameRange     '0.10.2',
93 silly addNameRange     '1.0.0',
93 silly addNameRange     '1.0.1',
93 silly addNameRange     '1.0.2',
93 silly addNameRange     '1.0.3',
93 silly addNameRange     '1.0.4',
93 silly addNameRange     '1.0.5',
93 silly addNameRange     '1.0.6',
93 silly addNameRange     '1.0.7',
93 silly addNameRange     '1.0.8',
93 silly addNameRange     '1.0.9',
93 silly addNameRange     '1.0.10',
93 silly addNameRange     '1.0.11',
93 silly addNameRange     '1.0.12',
93 silly addNameRange     '1.1.0',
93 silly addNameRange     '1.1.1',
93 silly addNameRange     '1.1.2',
93 silly addNameRange     '1.1.3',
93 silly addNameRange     '1.1.4',
93 silly addNameRange     '1.1.5',
93 silly addNameRange     '1.1.6',
93 silly addNameRange     '1.1.7',
93 silly addNameRange     '2.0.0',
93 silly addNameRange     '2.0.1',
93 silly addNameRange     '2.0.2',
93 silly addNameRange     '2.0.3',
93 silly addNameRange     '2.0.4',
93 silly addNameRange     '2.0.5',
93 silly addNameRange     '2.0.6',
93 silly addNameRange     '2.0.7',
93 silly addNameRange     '2.0.8',
93 silly addNameRange     '2.1.0',
93 silly addNameRange     '2.1.1',
93 silly addNameRange     '2.1.2',
93 silly addNameRange     '2.1.3',
93 silly addNameRange     '2.1.4',
93 silly addNameRange     '2.1.5',
93 silly addNameRange     '2.1.6',
93 silly addNameRange     '2.1.7',
93 silly addNameRange     '2.1.8',
93 silly addNameRange     '2.2.0',
93 silly addNameRange     '2.2.1',
93 silly addNameRange     '2.2.2',
93 silly addNameRange     '2.2.3',
93 silly addNameRange     '2.2.4',
93 silly addNameRange     '2.2.5',
93 silly addNameRange     '2.2.6',
93 silly addNameRange     '2.2.7',
93 silly addNameRange     '2.2.8',
93 silly addNameRange     '2.2.9',
93 silly addNameRange     '2.2.10',
93 silly addNameRange     '2.2.11',
93 silly addNameRange     '2.2.12',
93 silly addNameRange     '2.2.13',
93 silly addNameRange     '2.2.14',
93 silly addNameRange     '2.2.15',
93 silly addNameRange     '2.2.16',
93 silly addNameRange     '2.2.17',
93 silly addNameRange     '2.2.18',
93 silly addNameRange     '2.2.19',
93 silly addNameRange     '2.2.20',
93 silly addNameRange     '2.2.21',
93 silly addNameRange     '2.2.22',
93 silly addNameRange     '3.0.0',
93 silly addNameRange     '3.0.1',
93 silly addNameRange     '3.0.2',
93 silly addNameRange     '2.2.23',
93 silly addNameRange     '3.0.3',
93 silly addNameRange     '3.0.4',
93 silly addNameRange     '3.0.5',
93 silly addNameRange     '3.0.6',
93 silly addNameRange     '3.0.7',
93 silly addNameRange     '3.0.8',
93 silly addNameRange     '3.0.9',
93 silly addNameRange     ... 56 more items ] ]
94 silly addNamed clean-css@3.4.21
95 verbose addNamed "3.4.21" is a plain semver version for clean-css
96 silly cache afterAdd clean-css@3.4.21
97 verbose afterAdd /Users/apple/.npm/clean-css/3.4.21/package/package.json not in flight; writing
98 verbose correctMkdir /Users/apple/.npm correctMkdir not in flight; initializing
99 verbose afterAdd /Users/apple/.npm/clean-css/3.4.21/package/package.json written
100 silly fetchNamedPackageData commander
101 silly mapToRegistry name commander
102 silly mapToRegistry using default registry
103 silly mapToRegistry registry https://registry.npmjs.org/
104 silly mapToRegistry data Result {
104 silly mapToRegistry   raw: 'commander',
104 silly mapToRegistry   scope: null,
104 silly mapToRegistry   name: 'commander',
104 silly mapToRegistry   rawSpec: '',
104 silly mapToRegistry   spec: 'latest',
104 silly mapToRegistry   type: 'tag' }
105 silly mapToRegistry uri https://registry.npmjs.org/commander
106 silly fetchNamedPackageData source-map
107 silly mapToRegistry name source-map
108 silly mapToRegistry using default registry
109 silly mapToRegistry registry https://registry.npmjs.org/
110 silly mapToRegistry data Result {
110 silly mapToRegistry   raw: 'source-map',
110 silly mapToRegistry   scope: null,
110 silly mapToRegistry   name: 'source-map',
110 silly mapToRegistry   rawSpec: '',
110 silly mapToRegistry   spec: 'latest',
110 silly mapToRegistry   type: 'tag' }
111 silly mapToRegistry uri https://registry.npmjs.org/source-map
112 verbose request uri https://registry.npmjs.org/commander
113 verbose request no auth needed
114 info attempt registry request try #1 at 11:46:53
115 verbose etag W/"583b8d6d-fc0d"
116 verbose lastModified Mon, 28 Nov 2016 01:50:37 GMT
117 http request GET https://registry.npmjs.org/commander
118 verbose request uri https://registry.npmjs.org/source-map
119 verbose request no auth needed
120 info attempt registry request try #1 at 11:46:53
121 verbose etag W/"581d3d3c-25236"
122 verbose lastModified Sat, 05 Nov 2016 02:00:28 GMT
123 http request GET https://registry.npmjs.org/source-map
124 http 304 https://registry.npmjs.org/commander
125 verbose headers { date: 'Wed, 30 Nov 2016 03:46:52 GMT',
125 verbose headers   via: '1.1 varnish',
125 verbose headers   'cache-control': 'max-age=300',
125 verbose headers   etag: 'W/"583b8d6d-fc0d"',
125 verbose headers   age: '269',
125 verbose headers   connection: 'keep-alive',
125 verbose headers   'x-served-by': 'cache-lcy1145-LCY',
125 verbose headers   'x-cache': 'HIT',
125 verbose headers   'x-cache-hits': '8',
125 verbose headers   'x-timer': 'S1480477612.667412,VS0,VE0',
125 verbose headers   vary: 'Accept-Encoding' }
126 silly get cb [ 304,
126 silly get   { date: 'Wed, 30 Nov 2016 03:46:52 GMT',
126 silly get     via: '1.1 varnish',
126 silly get     'cache-control': 'max-age=300',
126 silly get     etag: 'W/"583b8d6d-fc0d"',
126 silly get     age: '269',
126 silly get     connection: 'keep-alive',
126 silly get     'x-served-by': 'cache-lcy1145-LCY',
126 silly get     'x-cache': 'HIT',
126 silly get     'x-cache-hits': '8',
126 silly get     'x-timer': 'S1480477612.667412,VS0,VE0',
126 silly get     vary: 'Accept-Encoding' } ]
127 verbose etag https://registry.npmjs.org/commander from cache
128 verbose get saving commander to /Users/apple/.npm/registry.npmjs.org/commander/.cache.json
129 verbose correctMkdir /Users/apple/.npm correctMkdir not in flight; initializing
130 silly resolveWithNewModule commander@2.8.1 checking installable status
131 silly cache add args [ 'commander@2.8.x', null ]
132 verbose cache add spec commander@2.8.x
133 silly cache add parsed spec Result {
133 silly cache add   raw: 'commander@2.8.x',
133 silly cache add   scope: null,
133 silly cache add   name: 'commander',
133 silly cache add   rawSpec: '2.8.x',
133 silly cache add   spec: '>=2.8.0 <2.9.0',
133 silly cache add   type: 'range' }
134 silly addNamed commander@>=2.8.0 <2.9.0
135 verbose addNamed ">=2.8.0 <2.9.0" is a valid semver range for commander
136 silly addNameRange { name: 'commander', range: '>=2.8.0 <2.9.0', hasData: false }
137 silly mapToRegistry name commander
138 silly mapToRegistry using default registry
139 silly mapToRegistry registry https://registry.npmjs.org/
140 silly mapToRegistry data Result {
140 silly mapToRegistry   raw: 'commander',
140 silly mapToRegistry   scope: null,
140 silly mapToRegistry   name: 'commander',
140 silly mapToRegistry   rawSpec: '',
140 silly mapToRegistry   spec: 'latest',
140 silly mapToRegistry   type: 'tag' }
141 silly mapToRegistry uri https://registry.npmjs.org/commander
142 verbose addNameRange registry:https://registry.npmjs.org/commander not in flight; fetching
143 verbose get https://registry.npmjs.org/commander not expired, no request
144 silly addNameRange number 2 { name: 'commander', range: '>=2.8.0 <2.9.0', hasData: true }
145 silly addNameRange versions [ 'commander',
145 silly addNameRange   [ '0.0.1',
145 silly addNameRange     '0.0.3',
145 silly addNameRange     '0.0.4',
145 silly addNameRange     '0.0.5',
145 silly addNameRange     '0.1.0',
145 silly addNameRange     '0.2.0',
145 silly addNameRange     '0.2.1',
145 silly addNameRange     '0.3.0',
145 silly addNameRange     '0.3.1',
145 silly addNameRange     '0.3.2',
145 silly addNameRange     '0.3.3',
145 silly addNameRange     '0.4.0',
145 silly addNameRange     '0.4.1',
145 silly addNameRange     '0.4.2',
145 silly addNameRange     '0.4.3',
145 silly addNameRange     '0.5.0',
145 silly addNameRange     '0.5.1',
145 silly addNameRange     '0.6.0',
145 silly addNameRange     '0.6.1',
145 silly addNameRange     '0.5.2',
145 silly addNameRange     '1.0.0',
145 silly addNameRange     '1.0.1',
145 silly addNameRange     '1.0.2',
145 silly addNameRange     '1.0.3',
145 silly addNameRange     '1.0.4',
145 silly addNameRange     '1.0.5',
145 silly addNameRange     '1.1.0',
145 silly addNameRange     '1.1.1',
145 silly addNameRange     '1.2.0',
145 silly addNameRange     '1.3.0',
145 silly addNameRange     '1.3.1',
145 silly addNameRange     '1.3.2',
145 silly addNameRange     '2.0.0',
145 silly addNameRange     '2.1.0',
145 silly addNameRange     '2.2.0',
145 silly addNameRange     '2.3.0',
145 silly addNameRange     '2.4.0',
145 silly addNameRange     '2.5.0',
145 silly addNameRange     '2.5.1',
145 silly addNameRange     '2.6.0',
145 silly addNameRange     '2.7.0',
145 silly addNameRange     '2.7.1',
145 silly addNameRange     '2.8.0',
145 silly addNameRange     '2.8.1',
145 silly addNameRange     '2.9.0' ] ]
146 silly addNamed commander@2.8.1
147 verbose addNamed "2.8.1" is a plain semver version for commander
148 silly cache afterAdd commander@2.8.1
149 verbose afterAdd /Users/apple/.npm/commander/2.8.1/package/package.json not in flight; writing
150 verbose correctMkdir /Users/apple/.npm correctMkdir not in flight; initializing
151 verbose afterAdd /Users/apple/.npm/commander/2.8.1/package/package.json written
152 http 304 https://registry.npmjs.org/source-map
153 verbose headers { date: 'Wed, 30 Nov 2016 03:46:53 GMT',
153 verbose headers   via: '1.1 varnish',
153 verbose headers   'cache-control': 'max-age=300',
153 verbose headers   etag: 'W/"581d3d3c-25236"',
153 verbose headers   age: '4',
153 verbose headers   connection: 'keep-alive',
153 verbose headers   'x-served-by': 'cache-lcy1139-LCY',
153 verbose headers   'x-cache': 'HIT',
153 verbose headers   'x-cache-hits': '1',
153 verbose headers   'x-timer': 'S1480477613.342730,VS0,VE0',
153 verbose headers   vary: 'Accept-Encoding' }
154 silly get cb [ 304,
154 silly get   { date: 'Wed, 30 Nov 2016 03:46:53 GMT',
154 silly get     via: '1.1 varnish',
154 silly get     'cache-control': 'max-age=300',
154 silly get     etag: 'W/"581d3d3c-25236"',
154 silly get     age: '4',
154 silly get     connection: 'keep-alive',
154 silly get     'x-served-by': 'cache-lcy1139-LCY',
154 silly get     'x-cache': 'HIT',
154 silly get     'x-cache-hits': '1',
154 silly get     'x-timer': 'S1480477613.342730,VS0,VE0',
154 silly get     vary: 'Accept-Encoding' } ]
155 verbose etag https://registry.npmjs.org/source-map from cache
156 verbose get saving source-map to /Users/apple/.npm/registry.npmjs.org/source-map/.cache.json
157 verbose correctMkdir /Users/apple/.npm correctMkdir not in flight; initializing
158 silly resolveWithNewModule source-map@0.4.4 checking installable status
159 silly cache add args [ 'source-map@0.4.x', null ]
160 verbose cache add spec source-map@0.4.x
161 silly cache add parsed spec Result {
161 silly cache add   raw: 'source-map@0.4.x',
161 silly cache add   scope: null,
161 silly cache add   name: 'source-map',
161 silly cache add   rawSpec: '0.4.x',
161 silly cache add   spec: '>=0.4.0 <0.5.0',
161 silly cache add   type: 'range' }
162 silly addNamed source-map@>=0.4.0 <0.5.0
163 verbose addNamed ">=0.4.0 <0.5.0" is a valid semver range for source-map
164 silly addNameRange { name: 'source-map', range: '>=0.4.0 <0.5.0', hasData: false }
165 silly mapToRegistry name source-map
166 silly mapToRegistry using default registry
167 silly mapToRegistry registry https://registry.npmjs.org/
168 silly mapToRegistry data Result {
168 silly mapToRegistry   raw: 'source-map',
168 silly mapToRegistry   scope: null,
168 silly mapToRegistry   name: 'source-map',
168 silly mapToRegistry   rawSpec: '',
168 silly mapToRegistry   spec: 'latest',
168 silly mapToRegistry   type: 'tag' }
169 silly mapToRegistry uri https://registry.npmjs.org/source-map
170 verbose addNameRange registry:https://registry.npmjs.org/source-map not in flight; fetching
171 verbose get https://registry.npmjs.org/source-map not expired, no request
172 silly addNameRange number 2 { name: 'source-map', range: '>=0.4.0 <0.5.0', hasData: true }
173 silly addNameRange versions [ 'source-map',
173 silly addNameRange   [ '0.0.0',
173 silly addNameRange     '0.1.0',
173 silly addNameRange     '0.1.1',
173 silly addNameRange     '0.1.2',
173 silly addNameRange     '0.1.3',
173 silly addNameRange     '0.1.4',
173 silly addNameRange     '0.1.5',
173 silly addNameRange     '0.1.6',
173 silly addNameRange     '0.1.7',
173 silly addNameRange     '0.1.8',
173 silly addNameRange     '0.1.9',
173 silly addNameRange     '0.1.10',
173 silly addNameRange     '0.1.11',
173 silly addNameRange     '0.1.12',
173 silly addNameRange     '0.1.13',
173 silly addNameRange     '0.1.14',
173 silly addNameRange     '0.1.15',
173 silly addNameRange     '0.1.16',
173 silly addNameRange     '0.1.17',
173 silly addNameRange     '0.1.18',
173 silly addNameRange     '0.1.19',
173 silly addNameRange     '0.1.20',
173 silly addNameRange     '0.1.21',
173 silly addNameRange     '0.1.22',
173 silly addNameRange     '0.1.23',
173 silly addNameRange     '0.1.24',
173 silly addNameRange     '0.1.25',
173 silly addNameRange     '0.1.26',
173 silly addNameRange     '0.1.27',
173 silly addNameRange     '0.1.28',
173 silly addNameRange     '0.1.29',
173 silly addNameRange     '0.1.30',
173 silly addNameRange     '0.1.31',
173 silly addNameRange     '0.1.32',
173 silly addNameRange     '0.1.33',
173 silly addNameRange     '0.1.34',
173 silly addNameRange     '0.1.35',
173 silly addNameRange     '0.1.36',
173 silly addNameRange     '0.1.37',
173 silly addNameRange     '0.1.38',
173 silly addNameRange     '0.1.39',
173 silly addNameRange     '0.1.40',
173 silly addNameRange     '0.1.41',
173 silly addNameRange     '0.1.42',
173 silly addNameRange     '0.1.43',
173 silly addNameRange     '0.2.0',
173 silly addNameRange     '0.3.0',
173 silly addNameRange     '0.4.0',
173 silly addNameRange     '0.4.1',
173 silly addNameRange     '0.4.2',
173 silly addNameRange     '0.4.3',
173 silly addNameRange     '0.4.4',
173 silly addNameRange     '0.5.0',
173 silly addNameRange     '0.5.1',
173 silly addNameRange     '0.5.2',
173 silly addNameRange     '0.5.3',
173 silly addNameRange     '0.5.4',
173 silly addNameRange     '0.5.5',
173 silly addNameRange     '0.5.6' ] ]
174 silly addNamed source-map@0.4.4
175 verbose addNamed "0.4.4" is a plain semver version for source-map
176 silly cache afterAdd source-map@0.4.4
177 verbose afterAdd /Users/apple/.npm/source-map/0.4.4/package/package.json not in flight; writing
178 verbose correctMkdir /Users/apple/.npm correctMkdir not in flight; initializing
179 verbose afterAdd /Users/apple/.npm/source-map/0.4.4/package/package.json written
180 silly fetchNamedPackageData graceful-readlink
181 silly mapToRegistry name graceful-readlink
182 silly mapToRegistry using default registry
183 silly mapToRegistry registry https://registry.npmjs.org/
184 silly mapToRegistry data Result {
184 silly mapToRegistry   raw: 'graceful-readlink',
184 silly mapToRegistry   scope: null,
184 silly mapToRegistry   name: 'graceful-readlink',
184 silly mapToRegistry   rawSpec: '',
184 silly mapToRegistry   spec: 'latest',
184 silly mapToRegistry   type: 'tag' }
185 silly mapToRegistry uri https://registry.npmjs.org/graceful-readlink
186 verbose request uri https://registry.npmjs.org/graceful-readlink
187 verbose request no auth needed
188 info attempt registry request try #1 at 11:46:54
189 verbose etag W/"5818d05e-c0c"
190 verbose lastModified Tue, 01 Nov 2016 17:26:54 GMT
191 http request GET https://registry.npmjs.org/graceful-readlink
192 http 304 https://registry.npmjs.org/graceful-readlink
193 verbose headers { date: 'Wed, 30 Nov 2016 03:46:53 GMT',
193 verbose headers   via: '1.1 varnish',
193 verbose headers   'cache-control': 'max-age=300',
193 verbose headers   etag: 'W/"5818d05e-c0c"',
193 verbose headers   age: '168',
193 verbose headers   connection: 'keep-alive',
193 verbose headers   'x-served-by': 'cache-lcy1145-LCY',
193 verbose headers   'x-cache': 'HIT',
193 verbose headers   'x-cache-hits': '703',
193 verbose headers   'x-timer': 'S1480477613.697719,VS0,VE0',
193 verbose headers   vary: 'Accept-Encoding' }
194 silly get cb [ 304,
194 silly get   { date: 'Wed, 30 Nov 2016 03:46:53 GMT',
194 silly get     via: '1.1 varnish',
194 silly get     'cache-control': 'max-age=300',
194 silly get     etag: 'W/"5818d05e-c0c"',
194 silly get     age: '168',
194 silly get     connection: 'keep-alive',
194 silly get     'x-served-by': 'cache-lcy1145-LCY',
194 silly get     'x-cache': 'HIT',
194 silly get     'x-cache-hits': '703',
194 silly get     'x-timer': 'S1480477613.697719,VS0,VE0',
194 silly get     vary: 'Accept-Encoding' } ]
195 verbose etag https://registry.npmjs.org/graceful-readlink from cache
196 verbose get saving graceful-readlink to /Users/apple/.npm/registry.npmjs.org/graceful-readlink/.cache.json
197 verbose correctMkdir /Users/apple/.npm correctMkdir not in flight; initializing
198 silly resolveWithNewModule graceful-readlink@1.0.1 checking installable status
199 silly cache add args [ 'graceful-readlink@>= 1.0.0', null ]
200 verbose cache add spec graceful-readlink@>= 1.0.0
201 silly cache add parsed spec Result {
201 silly cache add   raw: 'graceful-readlink@>= 1.0.0',
201 silly cache add   scope: null,
201 silly cache add   name: 'graceful-readlink',
201 silly cache add   rawSpec: '>= 1.0.0',
201 silly cache add   spec: '>=1.0.0',
201 silly cache add   type: 'range' }
202 silly addNamed graceful-readlink@>=1.0.0
203 verbose addNamed ">=1.0.0" is a valid semver range for graceful-readlink
204 silly addNameRange { name: 'graceful-readlink', range: '>=1.0.0', hasData: false }
205 silly mapToRegistry name graceful-readlink
206 silly mapToRegistry using default registry
207 silly mapToRegistry registry https://registry.npmjs.org/
208 silly mapToRegistry data Result {
208 silly mapToRegistry   raw: 'graceful-readlink',
208 silly mapToRegistry   scope: null,
208 silly mapToRegistry   name: 'graceful-readlink',
208 silly mapToRegistry   rawSpec: '',
208 silly mapToRegistry   spec: 'latest',
208 silly mapToRegistry   type: 'tag' }
209 silly mapToRegistry uri https://registry.npmjs.org/graceful-readlink
210 verbose addNameRange registry:https://registry.npmjs.org/graceful-readlink not in flight; fetching
211 verbose get https://registry.npmjs.org/graceful-readlink not expired, no request
212 silly addNameRange number 2 { name: 'graceful-readlink', range: '>=1.0.0', hasData: true }
213 silly addNameRange versions [ 'graceful-readlink', [ '1.0.0', '1.0.1' ] ]
214 silly addNamed graceful-readlink@1.0.1
215 verbose addNamed "1.0.1" is a plain semver version for graceful-readlink
216 silly cache afterAdd graceful-readlink@1.0.1
217 verbose afterAdd /Users/apple/.npm/graceful-readlink/1.0.1/package/package.json not in flight; writing
218 verbose correctMkdir /Users/apple/.npm correctMkdir not in flight; initializing
219 verbose afterAdd /Users/apple/.npm/graceful-readlink/1.0.1/package/package.json written
220 silly fetchNamedPackageData amdefine
221 silly mapToRegistry name amdefine
222 silly mapToRegistry using default registry
223 silly mapToRegistry registry https://registry.npmjs.org/
224 silly mapToRegistry data Result {
224 silly mapToRegistry   raw: 'amdefine',
224 silly mapToRegistry   scope: null,
224 silly mapToRegistry   name: 'amdefine',
224 silly mapToRegistry   rawSpec: '',
224 silly mapToRegistry   spec: 'latest',
224 silly mapToRegistry   type: 'tag' }
225 silly mapToRegistry uri https://registry.npmjs.org/amdefine
226 verbose request uri https://registry.npmjs.org/amdefine
227 verbose request no auth needed
228 info attempt registry request try #1 at 11:46:55
229 verbose etag W/"58197303-489f"
230 verbose lastModified Wed, 02 Nov 2016 05:00:51 GMT
231 http request GET https://registry.npmjs.org/amdefine
232 http 304 https://registry.npmjs.org/amdefine
233 verbose headers { date: 'Wed, 30 Nov 2016 03:46:54 GMT',
233 verbose headers   via: '1.1 varnish',
233 verbose headers   'cache-control': 'max-age=300',
233 verbose headers   etag: 'W/"58197303-489f"',
233 verbose headers   age: '216',
233 verbose headers   connection: 'keep-alive',
233 verbose headers   'x-served-by': 'cache-lcy1139-LCY',
233 verbose headers   'x-cache': 'HIT',
233 verbose headers   'x-cache-hits': '4',
233 verbose headers   'x-timer': 'S1480477614.030049,VS0,VE0',
233 verbose headers   vary: 'Accept-Encoding' }
234 silly get cb [ 304,
234 silly get   { date: 'Wed, 30 Nov 2016 03:46:54 GMT',
234 silly get     via: '1.1 varnish',
234 silly get     'cache-control': 'max-age=300',
234 silly get     etag: 'W/"58197303-489f"',
234 silly get     age: '216',
234 silly get     connection: 'keep-alive',
234 silly get     'x-served-by': 'cache-lcy1139-LCY',
234 silly get     'x-cache': 'HIT',
234 silly get     'x-cache-hits': '4',
234 silly get     'x-timer': 'S1480477614.030049,VS0,VE0',
234 silly get     vary: 'Accept-Encoding' } ]
235 verbose etag https://registry.npmjs.org/amdefine from cache
236 verbose get saving amdefine to /Users/apple/.npm/registry.npmjs.org/amdefine/.cache.json
237 verbose correctMkdir /Users/apple/.npm correctMkdir not in flight; initializing
238 silly resolveWithNewModule amdefine@1.0.1 checking installable status
239 silly cache add args [ 'amdefine@>=0.0.4', null ]
240 verbose cache add spec amdefine@>=0.0.4
241 silly cache add parsed spec Result {
241 silly cache add   raw: 'amdefine@>=0.0.4',
241 silly cache add   scope: null,
241 silly cache add   name: 'amdefine',
241 silly cache add   rawSpec: '>=0.0.4',
241 silly cache add   spec: '>=0.0.4',
241 silly cache add   type: 'range' }
242 silly addNamed amdefine@>=0.0.4
243 verbose addNamed ">=0.0.4" is a valid semver range for amdefine
244 silly addNameRange { name: 'amdefine', range: '>=0.0.4', hasData: false }
245 silly mapToRegistry name amdefine
246 silly mapToRegistry using default registry
247 silly mapToRegistry registry https://registry.npmjs.org/
248 silly mapToRegistry data Result {
248 silly mapToRegistry   raw: 'amdefine',
248 silly mapToRegistry   scope: null,
248 silly mapToRegistry   name: 'amdefine',
248 silly mapToRegistry   rawSpec: '',
248 silly mapToRegistry   spec: 'latest',
248 silly mapToRegistry   type: 'tag' }
249 silly mapToRegistry uri https://registry.npmjs.org/amdefine
250 verbose addNameRange registry:https://registry.npmjs.org/amdefine not in flight; fetching
251 verbose get https://registry.npmjs.org/amdefine not expired, no request
252 silly addNameRange number 2 { name: 'amdefine', range: '>=0.0.4', hasData: true }
253 silly addNameRange versions [ 'amdefine',
253 silly addNameRange   [ '0.0.1',
253 silly addNameRange     '0.0.2',
253 silly addNameRange     '0.0.3',
253 silly addNameRange     '0.0.4',
253 silly addNameRange     '0.0.5',
253 silly addNameRange     '0.0.6',
253 silly addNameRange     '0.0.7',
253 silly addNameRange     '0.0.8',
253 silly addNameRange     '0.1.0',
253 silly addNameRange     '0.1.1',
253 silly addNameRange     '1.0.0',
253 silly addNameRange     '1.0.1' ] ]
254 silly addNamed amdefine@1.0.1
255 verbose addNamed "1.0.1" is a plain semver version for amdefine
256 silly cache afterAdd amdefine@1.0.1
257 verbose afterAdd /Users/apple/.npm/amdefine/1.0.1/package/package.json not in flight; writing
258 verbose correctMkdir /Users/apple/.npm correctMkdir not in flight; initializing
259 verbose afterAdd /Users/apple/.npm/amdefine/1.0.1/package/package.json written
260 silly loadAllDepsIntoIdealTree Finishing
261 silly idealTree:prePrune lib
261 silly idealTree:prePrune └─┬ less-plugin-clean-css@1.5.1
261 silly idealTree:prePrune   ├── amdefine@1.0.1
261 silly idealTree:prePrune   ├── clean-css@3.4.21
261 silly idealTree:prePrune   ├── commander@2.8.1
261 silly idealTree:prePrune   ├── graceful-readlink@1.0.1
261 silly idealTree:prePrune   └── source-map@0.4.4
262 silly loadIdealTree Finishing
263 silly currentTree lib
264 silly idealTree lib
264 silly idealTree └─┬ less-plugin-clean-css@1.5.1
264 silly idealTree   ├── amdefine@1.0.1
264 silly idealTree   ├── clean-css@3.4.21
264 silly idealTree   ├── commander@2.8.1
264 silly idealTree   ├── graceful-readlink@1.0.1
264 silly idealTree   └── source-map@0.4.4
265 silly generateActionsToTake Starting
266 silly install generateActionsToTake
267 warn checkPermissions Missing write access to /usr/local/lib/node_modules
268 silly rollbackFailedOptional Starting
269 silly rollbackFailedOptional Finishing
270 silly runTopLevelLifecycles Starting
271 silly runTopLevelLifecycles Finishing
272 silly install printInstalled
273 verbose stack Error: EACCES: permission denied, access '/usr/local/lib/node_modules'
273 verbose stack     at Error (native)
274 verbose cwd /Users/apple/Documents/myGithub/happycaroline.github.io
275 error Darwin 16.1.0
276 error argv "/usr/local/bin/node" "/usr/local/bin/npm" "install" "-g" "less-plugin-clean-css"
277 error node v6.2.0
278 error npm  v3.8.9
279 error path /usr/local/lib/node_modules
280 error code EACCES
281 error errno -13
282 error syscall access
283 error Error: EACCES: permission denied, access '/usr/local/lib/node_modules'
283 error     at Error (native)
283 error  { Error: EACCES: permission denied, access '/usr/local/lib/node_modules'
283 error     at Error (native)
283 error   errno: -13,
283 error   code: 'EACCES',
283 error   syscall: 'access',
283 error   path: '/usr/local/lib/node_modules' }
284 error Please try running this command again as root/Administrator.
285 verbose exit [ -13, true ]
